<?xml version="1.0" encoding="UTF-8"?>
<testsuite name="TicTacToeTest" tests="1" skipped="0" failures="0" errors="0" timestamp="2020-09-10T10:00:46" hostname="MacBook-Pro.fritz.box" time="0.055">
  <properties/>
  <testcase name="start" classname="TicTacToeTest" time="0.055"/>
  <system-out><![CDATA[?[1;31m
Start test 1?[0m
X X O
O O X
O X X
]]></system-out>
  <system-err><![CDATA[]]></system-err>
</testsuite>
